<?xml version="1.0" encoding="UTF-8"?>
<!-- Generated by org.testng.reporters.JUnitXMLReporter -->
<testsuite hostname="DESKTOP-B2220QC" ignored="0" name="Test1234455" tests="12" failures="2" timestamp="2021-06-03T19:57:53 IST" time="4.346" errors="0">
  <testcase name="test3" time="2.056" classname="pom.classes.TestClass">
    <failure type="org.testng.internal.thread.ThreadTimeoutException" message="Method pom.classes.TestClass.test3() didn&amp;apos;t finish within the time-out 2000">
      <![CDATA[org.testng.internal.thread.ThreadTimeoutException: Method pom.classes.TestClass.test3() didn't finish within the time-out 2000
at java.util.ArrayList.forEach(Unknown Source)
... Removed 24 stack frames]]>
    </failure>
  </testcase> <!-- test3 -->
  <testcase name="test2" time="0.003" classname="pom.classes.TestClass"/>
  <testcase name="test2" time="0.005" classname="pom.classes.TestClass"/>
  <testcase name="test2" time="0.003" classname="pom.classes.TestClass"/>
  <testcase name="test2" time="0.003" classname="pom.classes.TestClass"/>
  <testcase name="test2" time="0.002" classname="pom.classes.TestClass"/>
  <testcase name="test3" time="2.019" classname="pom.classes.TestClass3">
    <failure type="org.testng.internal.thread.ThreadTimeoutException" message="Method pom.classes.TestClass3.test3() didn&amp;apos;t finish within the time-out 2000">
      <![CDATA[org.testng.internal.thread.ThreadTimeoutException: Method pom.classes.TestClass3.test3() didn't finish within the time-out 2000
at java.util.ArrayList.forEach(Unknown Source)
... Removed 24 stack frames]]>
    </failure>
  </testcase> <!-- test3 -->
  <testcase name="test2" time="0.003" classname="pom.classes.TestClass3"/>
  <testcase name="test2" time="0.002" classname="pom.classes.TestClass3"/>
  <testcase name="test2" time="0.003" classname="pom.classes.TestClass3"/>
  <testcase name="test2" time="0.002" classname="pom.classes.TestClass3"/>
  <testcase name="test2" time="0.017" classname="pom.classes.TestClass3"/>
</testsuite> <!-- Test1234455 -->
